app/build/outputs/logs/manifest-merger-debug-report.txt
-- Merging decision tree log ---
manifest
ADDED from src\main\AndroidManifest.xml:11:1-43:12
	package
		ADDED from src\main\AndroidManifest.xml:12:5-59
		INJECTED from src\main\AndroidManifest.xml
		INJECTED from src\main\AndroidManifest.xml
	android:versionName
		ADDED from src\main\AndroidManifest.xml:14:5-32
		INJECTED from src\main\AndroidManifest.xml
		INJECTED from src\main\AndroidManifest.xml
	android:versionCode
		ADDED from src\main\AndroidManifest.xml:13:5-33
		INJECTED from src\main\AndroidManifest.xml
		INJECTED from src\main\AndroidManifest.xml
	xmlns:android
		ADDED from src\main\AndroidManifest.xml:11:11-69
uses-sdk
ADDED from src\main\AndroidManifest.xml:16:5-18:41
MERGED from [com.android.support:support-v4:21.0.0] AndroidManifest.xml:15:5-42
	android:targetSdkVersion
		ADDED from src\main\AndroidManifest.xml:18:9-38
		INJECTED from src\main\AndroidManifest.xml
		INJECTED from src\main\AndroidManifest.xml
	android:minSdkVersion
		ADDED from src\main\AndroidManifest.xml:17:9-34
		INJECTED from src\main\AndroidManifest.xml
		INJECTED from src\main\AndroidManifest.xml
application
ADDED from src\main\AndroidManifest.xml:20:5-41:19
MERGED from [com.android.support:support-v4:21.0.0] AndroidManifest.xml:16:5-19
	android:label
		ADDED from src\main\AndroidManifest.xml:23:9-41
	android:allowBackup
		ADDED from src\main\AndroidManifest.xml:21:9-35
	android:icon
		ADDED from src\main\AndroidManifest.xml:22:9-45
	android:theme
		ADDED from src\main\AndroidManifest.xml:24:9-40
activity#com.dsi.ant.antplus.bikespeeddistancesampler.Activity_BikeSpeedDistanceSampler
ADDED from src\main\AndroidManifest.xml:25:9-35:20
	android:screenOrientation
		ADDED from src\main\AndroidManifest.xml:28:13-49
	android:label
		ADDED from src\main\AndroidManifest.xml:27:13-67
	android:configChanges
		ADDED from src\main\AndroidManifest.xml:29:13-48
	android:name
		ADDED from src\main\AndroidManifest.xml:26:13-106
intent-filter#android.intent.action.MAIN+android.intent.category.LAUNCHER
ADDED from src\main\AndroidManifest.xml:30:13-34:29
action#android.intent.action.MAIN
ADDED from src\main\AndroidManifest.xml:31:17-69
	android:name
		ADDED from src\main\AndroidManifest.xml:31:25-66
category#android.intent.category.LAUNCHER
ADDED from src\main\AndroidManifest.xml:33:17-77
	android:name
		ADDED from src\main\AndroidManifest.xml:33:27-74